<?xml version="1.0" encoding="UTF-8"?>
<!-- Generated by org.testng.reporters.JUnitXMLReporter -->
<testsuite hostname="SYS084" ignored="4" name="Default test" tests="1" failures="0" timestamp="19 Sep 2018 14:35:11 GMT" time="6.362" errors="0">
  <testcase name="testcase_002" time="6.336" classname="apiAutomation.DemoTestRunner"/>
  <testcase name="testcase_005" time="0.0" classname="apiAutomation.DemoTestRunner">
    <ignored/>
  </testcase> <!-- testcase_005 -->
  <testcase name="testcase_004" time="0.0" classname="apiAutomation.DemoTestRunner">
    <ignored/>
  </testcase> <!-- testcase_004 -->
  <testcase name="testcase_001" time="0.0" classname="apiAutomation.DemoTestRunner">
    <ignored/>
  </testcase> <!-- testcase_001 -->
  <testcase name="testcase_003" time="0.0" classname="apiAutomation.DemoTestRunner">
    <ignored/>
  </testcase> <!-- testcase_003 -->
</testsuite> <!-- Default test -->
