<?xml version="1.0" encoding="UTF-8"?>
<testng-results skipped="0" failed="0" ignored="1" total="2" passed="1">
  <reporter-output>
  </reporter-output>
  <suite name="Default suite" duration-ms="10258" started-at="2018-08-24T12:06:07Z" finished-at="2018-08-24T12:06:17Z">
    <groups>
    </groups>
    <test name="Default test" duration-ms="10258" started-at="2018-08-24T12:06:07Z" finished-at="2018-08-24T12:06:17Z">
      <class name="apiAutomation.NewTest">
        <test-method status="PASS" signature="f1()[pri:0, instance:apiAutomation.NewTest@47c62251]" name="f1" duration-ms="10156" started-at="2018-08-24T12:06:07Z" finished-at="2018-08-24T12:06:17Z">
          <reporter-output>
          </reporter-output>
        </test-method> <!-- f1 -->
      </class> <!-- apiAutomation.NewTest -->
    </test> <!-- Default test -->
  </suite> <!-- Default suite -->
</testng-results>
