<?xml version="1.0" encoding="UTF-8"?>
<testng-results skipped="0" failed="0" ignored="0" total="1" passed="1">
  <reporter-output>
  </reporter-output>
  <suite name="Default suite" duration-ms="4063" started-at="2018-08-14T14:14:38Z" finished-at="2018-08-14T14:14:42Z">
    <groups>
    </groups>
    <test name="Default test" duration-ms="4063" started-at="2018-08-14T14:14:38Z" finished-at="2018-08-14T14:14:42Z">
      <class name="apiAutomation.TestSuite">
        <test-method status="PASS" signature="f()[pri:0, instance:apiAutomation.TestSuite@604ed9f0]" name="f" duration-ms="4034" started-at="2018-08-14T14:14:38Z" finished-at="2018-08-14T14:14:42Z">
          <reporter-output>
          </reporter-output>
        </test-method> <!-- f -->
      </class> <!-- apiAutomation.TestSuite -->
    </test> <!-- Default test -->
  </suite> <!-- Default suite -->
</testng-results>
